0 info it worked if it ends with ok
1 verbose cli [ '/home/emeka/.nvm/v0.11.13/bin/node',
1 verbose cli   '/home/emeka/.nvm/v0.11.13/bin/npm',
1 verbose cli   'install' ]
2 info using npm@1.4.9
3 info using node@v0.11.13
4 verbose readDependencies using package.json deps
5 verbose install where, deps [ '/home/emeka/Documents/.Project/php/Gym/gym',
5 verbose install   [ 'laravel-elixir', 'bootstrap-sass', 'gulp' ] ]
6 info preinstall @
7 verbose readDependencies using package.json deps
8 verbose cache add [ 'laravel-elixir@^3.0.0', null ]
9 verbose cache add name=undefined spec="laravel-elixir@^3.0.0" args=["laravel-elixir@^3.0.0",null]
10 verbose parsed url { protocol: null,
10 verbose parsed url   slashes: null,
10 verbose parsed url   auth: null,
10 verbose parsed url   host: null,
10 verbose parsed url   port: null,
10 verbose parsed url   hostname: null,
10 verbose parsed url   hash: null,
10 verbose parsed url   search: null,
10 verbose parsed url   query: null,
10 verbose parsed url   pathname: 'laravel-elixir@%5E3.0.0',
10 verbose parsed url   path: 'laravel-elixir@%5E3.0.0',
10 verbose parsed url   href: 'laravel-elixir@%5E3.0.0' }
11 verbose cache add name="laravel-elixir" spec="^3.0.0" args=["laravel-elixir","^3.0.0"]
12 verbose parsed url { protocol: null,
12 verbose parsed url   slashes: null,
12 verbose parsed url   auth: null,
12 verbose parsed url   host: null,
12 verbose parsed url   port: null,
12 verbose parsed url   hostname: null,
12 verbose parsed url   hash: null,
12 verbose parsed url   search: null,
12 verbose parsed url   query: null,
12 verbose parsed url   pathname: '%5E3.0.0',
12 verbose parsed url   path: '%5E3.0.0',
12 verbose parsed url   href: '%5E3.0.0' }
13 verbose addNamed [ 'laravel-elixir', '^3.0.0' ]
14 verbose addNamed [ null, '>=3.0.0-0 <4.0.0-0' ]
15 verbose cache add [ 'bootstrap-sass@^3.0.0', null ]
16 verbose cache add name=undefined spec="bootstrap-sass@^3.0.0" args=["bootstrap-sass@^3.0.0",null]
17 verbose parsed url { protocol: null,
17 verbose parsed url   slashes: null,
17 verbose parsed url   auth: null,
17 verbose parsed url   host: null,
17 verbose parsed url   port: null,
17 verbose parsed url   hostname: null,
17 verbose parsed url   hash: null,
17 verbose parsed url   search: null,
17 verbose parsed url   query: null,
17 verbose parsed url   pathname: 'bootstrap-sass@%5E3.0.0',
17 verbose parsed url   path: 'bootstrap-sass@%5E3.0.0',
17 verbose parsed url   href: 'bootstrap-sass@%5E3.0.0' }
18 verbose cache add name="bootstrap-sass" spec="^3.0.0" args=["bootstrap-sass","^3.0.0"]
19 verbose parsed url { protocol: null,
19 verbose parsed url   slashes: null,
19 verbose parsed url   auth: null,
19 verbose parsed url   host: null,
19 verbose parsed url   port: null,
19 verbose parsed url   hostname: null,
19 verbose parsed url   hash: null,
19 verbose parsed url   search: null,
19 verbose parsed url   query: null,
19 verbose parsed url   pathname: '%5E3.0.0',
19 verbose parsed url   path: '%5E3.0.0',
19 verbose parsed url   href: '%5E3.0.0' }
20 verbose addNamed [ 'bootstrap-sass', '^3.0.0' ]
21 verbose addNamed [ null, '>=3.0.0-0 <4.0.0-0' ]
22 verbose cache add [ 'gulp@^3.8.8', null ]
23 verbose cache add name=undefined spec="gulp@^3.8.8" args=["gulp@^3.8.8",null]
24 verbose parsed url { protocol: null,
24 verbose parsed url   slashes: null,
24 verbose parsed url   auth: null,
24 verbose parsed url   host: null,
24 verbose parsed url   port: null,
24 verbose parsed url   hostname: null,
24 verbose parsed url   hash: null,
24 verbose parsed url   search: null,
24 verbose parsed url   query: null,
24 verbose parsed url   pathname: 'gulp@%5E3.8.8',
24 verbose parsed url   path: 'gulp@%5E3.8.8',
24 verbose parsed url   href: 'gulp@%5E3.8.8' }
25 verbose cache add name="gulp" spec="^3.8.8" args=["gulp","^3.8.8"]
26 verbose parsed url { protocol: null,
26 verbose parsed url   slashes: null,
26 verbose parsed url   auth: null,
26 verbose parsed url   host: null,
26 verbose parsed url   port: null,
26 verbose parsed url   hostname: null,
26 verbose parsed url   hash: null,
26 verbose parsed url   search: null,
26 verbose parsed url   query: null,
26 verbose parsed url   pathname: '%5E3.8.8',
26 verbose parsed url   path: '%5E3.8.8',
26 verbose parsed url   href: '%5E3.8.8' }
27 verbose addNamed [ 'gulp', '^3.8.8' ]
28 verbose addNamed [ null, '>=3.8.8-0 <4.0.0-0' ]
29 silly lockFile 6f656a2c-laravel-elixir-3-0-0 laravel-elixir@^3.0.0
30 verbose lock laravel-elixir@^3.0.0 /home/emeka/.npm/6f656a2c-laravel-elixir-3-0-0.lock
31 silly lockFile d9f814aa-bootstrap-sass-3-0-0 bootstrap-sass@^3.0.0
32 verbose lock bootstrap-sass@^3.0.0 /home/emeka/.npm/d9f814aa-bootstrap-sass-3-0-0.lock
33 silly lockFile ed47fb09-gulp-3-8-8 gulp@^3.8.8
34 verbose lock gulp@^3.8.8 /home/emeka/.npm/ed47fb09-gulp-3-8-8.lock
35 silly addNameRange { name: 'laravel-elixir',
35 silly addNameRange   range: '>=3.0.0-0 <4.0.0-0',
35 silly addNameRange   hasData: false }
36 silly addNameRange { name: 'bootstrap-sass',
36 silly addNameRange   range: '>=3.0.0-0 <4.0.0-0',
36 silly addNameRange   hasData: false }
37 verbose url raw laravel-elixir
38 verbose url resolving [ 'https://registry.npmjs.org/', './laravel-elixir' ]
39 verbose url resolved https://registry.npmjs.org/laravel-elixir
40 info trying registry request attempt 1 at 16:02:00
41 http GET https://registry.npmjs.org/laravel-elixir
42 verbose url raw bootstrap-sass
43 verbose url resolving [ 'https://registry.npmjs.org/', './bootstrap-sass' ]
44 verbose url resolved https://registry.npmjs.org/bootstrap-sass
45 info trying registry request attempt 1 at 16:02:01
46 http GET https://registry.npmjs.org/bootstrap-sass
47 silly addNameRange { name: 'gulp', range: '>=3.8.8-0 <4.0.0-0', hasData: false }
48 verbose url raw gulp
49 verbose url resolving [ 'https://registry.npmjs.org/', './gulp' ]
50 verbose url resolved https://registry.npmjs.org/gulp
51 info trying registry request attempt 1 at 16:02:01
52 http GET https://registry.npmjs.org/gulp
53 http 200 https://registry.npmjs.org/bootstrap-sass
54 silly registry.get cb [ 200,
54 silly registry.get   { server: 'CouchDB/1.5.0 (Erlang OTP/R16B03)',
54 silly registry.get     etag: '"7CZ4L3YYORC2M29DUG439MZ7N"',
54 silly registry.get     'content-type': 'application/json',
54 silly registry.get     'cache-control': 'max-age=300',
54 silly registry.get     'content-length': '26039',
54 silly registry.get     'accept-ranges': 'bytes',
54 silly registry.get     date: 'Thu, 14 Apr 2016 15:02:01 GMT',
54 silly registry.get     via: '1.1 varnish',
54 silly registry.get     age: '203',
54 silly registry.get     connection: 'close',
54 silly registry.get     'x-served-by': 'cache-lhr6332-LHR',
54 silly registry.get     'x-cache': 'HIT',
54 silly registry.get     'x-cache-hits': '1',
54 silly registry.get     'x-timer': 'S1460646121.702829,VS0,VE0',
54 silly registry.get     vary: 'Accept-Encoding' } ]
55 http 200 https://registry.npmjs.org/gulp
56 silly registry.get cb [ 200,
56 silly registry.get   { server: 'CouchDB/1.5.0 (Erlang OTP/R16B03)',
56 silly registry.get     etag: '"8TQSVGODD7I53JZHMSLVQSA93"',
56 silly registry.get     'content-type': 'application/json',
56 silly registry.get     'content-encoding': 'gzip',
56 silly registry.get     'cache-control': 'max-age=300',
56 silly registry.get     'content-length': '18103',
56 silly registry.get     'accept-ranges': 'bytes',
56 silly registry.get     date: 'Thu, 14 Apr 2016 15:02:01 GMT',
56 silly registry.get     via: '1.1 varnish',
56 silly registry.get     age: '296',
56 silly registry.get     connection: 'close',
56 silly registry.get     'x-served-by': 'cache-lcy1125-LCY',
56 silly registry.get     'x-cache': 'HIT',
56 silly registry.get     'x-cache-hits': '8',
56 silly registry.get     'x-timer': 'S1460646121.769961,VS0,VE0',
56 silly registry.get     vary: 'Accept-Encoding' } ]
57 silly addNameRange number 2 { name: 'bootstrap-sass',
57 silly addNameRange   range: '>=3.0.0-0 <4.0.0-0',
57 silly addNameRange   hasData: true }
58 silly addNameRange versions [ 'bootstrap-sass',
58 silly addNameRange   [ '2.3.2',
58 silly addNameRange     '3.1.1',
58 silly addNameRange     '3.2.0',
58 silly addNameRange     '3.3.0',
58 silly addNameRange     '3.3.1',
58 silly addNameRange     '3.3.2',
58 silly addNameRange     '3.3.3',
58 silly addNameRange     '3.3.4',
58 silly addNameRange     '3.3.5',
58 silly addNameRange     '3.3.6' ] ]
59 verbose addNamed [ 'bootstrap-sass', '3.3.6' ]
60 verbose addNamed [ '3.3.6', '3.3.6' ]
61 silly lockFile 7ab5ab6a-bootstrap-sass-3-3-6 bootstrap-sass@3.3.6
62 verbose lock bootstrap-sass@3.3.6 /home/emeka/.npm/7ab5ab6a-bootstrap-sass-3-3-6.lock
63 silly lockFile ac6b4156-ap-sass-bootstrap-sass-3-3-6-tgz https://registry.npmjs.org/bootstrap-sass/-/bootstrap-sass-3.3.6.tgz
64 verbose lock https://registry.npmjs.org/bootstrap-sass/-/bootstrap-sass-3.3.6.tgz /home/emeka/.npm/ac6b4156-ap-sass-bootstrap-sass-3-3-6-tgz.lock
65 http 200 https://registry.npmjs.org/laravel-elixir
66 silly registry.get cb [ 200,
66 silly registry.get   { server: 'CouchDB/1.5.0 (Erlang OTP/R16B03)',
66 silly registry.get     etag: '"D0JOWREQZE3DKSJ64MYLYZRAL"',
66 silly registry.get     'content-type': 'application/json',
66 silly registry.get     'cache-control': 'max-age=300',
66 silly registry.get     'content-length': '303464',
66 silly registry.get     'accept-ranges': 'bytes',
66 silly registry.get     date: 'Thu, 14 Apr 2016 15:02:01 GMT',
66 silly registry.get     via: '1.1 varnish',
66 silly registry.get     age: '204',
66 silly registry.get     connection: 'close',
66 silly registry.get     'x-served-by': 'cache-lhr6326-LHR',
66 silly registry.get     'x-cache': 'HIT',
66 silly registry.get     'x-cache-hits': '1',
66 silly registry.get     'x-timer': 'S1460646121.669702,VS0,VE0',
66 silly registry.get     vary: 'Accept-Encoding' } ]
67 verbose addRemoteTarball [ 'https://registry.npmjs.org/bootstrap-sass/-/bootstrap-sass-3.3.6.tgz',
67 verbose addRemoteTarball   '363b0d300e868d3e70134c1a742bb17288444fd1' ]
68 silly addNameRange number 2 { name: 'gulp', range: '>=3.8.8-0 <4.0.0-0', hasData: true }
69 silly addNameRange versions [ 'gulp',
69 silly addNameRange   [ '0.0.1',
69 silly addNameRange     '0.0.2',
69 silly addNameRange     '0.0.3',
69 silly addNameRange     '0.0.4',
69 silly addNameRange     '0.0.5',
69 silly addNameRange     '0.0.7',
69 silly addNameRange     '0.0.8',
69 silly addNameRange     '0.0.9',
69 silly addNameRange     '0.1.0',
69 silly addNameRange     '0.2.0',
69 silly addNameRange     '1.0.0',
69 silly addNameRange     '1.1.0',
69 silly addNameRange     '1.2.0',
69 silly addNameRange     '1.2.1',
69 silly addNameRange     '2.0.0',
69 silly addNameRange     '2.0.1',
69 silly addNameRange     '2.1.0',
69 silly addNameRange     '2.2.0',
69 silly addNameRange     '2.3.0',
69 silly addNameRange     '2.4.0',
69 silly addNameRange     '2.4.1',
69 silly addNameRange     '2.6.0',
69 silly addNameRange     '2.6.1',
69 silly addNameRange     '2.7.0',
69 silly addNameRange     '3.0.0',
69 silly addNameRange     '3.1.1',
69 silly addNameRange     '3.1.2',
69 silly addNameRange     '3.1.3',
69 silly addNameRange     '3.1.4',
69 silly addNameRange     '3.2.0',
69 silly addNameRange     '3.2.1',
69 silly addNameRange     '3.2.2',
69 silly addNameRange     '3.2.3',
69 silly addNameRange     '3.2.4',
69 silly addNameRange     '3.2.5',
69 silly addNameRange     '3.3.0',
69 silly addNameRange     '3.3.1',
69 silly addNameRange     '3.3.2',
69 silly addNameRange     '3.3.4',
69 silly addNameRange     '3.4.0',
69 silly addNameRange     '3.5.0',
69 silly addNameRange     '3.5.1',
69 silly addNameRange     '3.5.2',
69 silly addNameRange     '3.5.5',
69 silly addNameRange     '3.5.6',
69 silly addNameRange     '3.6.0',
69 silly addNameRange     '3.6.1',
69 silly addNameRange     '3.6.2',
69 silly addNameRange     '3.7.0',
69 silly addNameRange     '3.8.0',
69 silly addNameRange     '3.8.1',
69 silly addNameRange     '3.8.2',
69 silly addNameRange     '3.8.3',
69 silly addNameRange     '3.8.4',
69 silly addNameRange     '3.8.5',
69 silly addNameRange     '3.8.6',
69 silly addNameRange     '3.8.7',
69 silly addNameRange     '3.8.8',
69 silly addNameRange     '3.8.9',
69 silly addNameRange     '3.8.10',
69 silly addNameRange     '3.8.11',
69 silly addNameRange     '3.9.0',
69 silly addNameRange     '3.9.1' ] ]
70 verbose addNamed [ 'gulp', '3.9.1' ]
71 verbose addNamed [ '3.9.1', '3.9.1' ]
72 silly lockFile d9f1ef79-gulp-3-9-1 gulp@3.9.1
73 verbose lock gulp@3.9.1 /home/emeka/.npm/d9f1ef79-gulp-3-9-1.lock
74 silly lockFile ac6b4156-ap-sass-bootstrap-sass-3-3-6-tgz https://registry.npmjs.org/bootstrap-sass/-/bootstrap-sass-3.3.6.tgz
75 silly lockFile ac6b4156-ap-sass-bootstrap-sass-3-3-6-tgz https://registry.npmjs.org/bootstrap-sass/-/bootstrap-sass-3.3.6.tgz
76 silly lockFile d95592da-ry-npmjs-org-gulp-gulp-3-9-1-tgz https://registry.npmjs.org/gulp/-/gulp-3.9.1.tgz
77 verbose lock https://registry.npmjs.org/gulp/-/gulp-3.9.1.tgz /home/emeka/.npm/d95592da-ry-npmjs-org-gulp-gulp-3-9-1-tgz.lock
78 silly lockFile 7ab5ab6a-bootstrap-sass-3-3-6 bootstrap-sass@3.3.6
79 silly lockFile 7ab5ab6a-bootstrap-sass-3-3-6 bootstrap-sass@3.3.6
80 silly lockFile d9f814aa-bootstrap-sass-3-0-0 bootstrap-sass@^3.0.0
81 silly lockFile d9f814aa-bootstrap-sass-3-0-0 bootstrap-sass@^3.0.0
82 verbose addRemoteTarball [ 'https://registry.npmjs.org/gulp/-/gulp-3.9.1.tgz',
82 verbose addRemoteTarball   '571ce45928dd40af6514fc4011866016c13845b4' ]
83 silly addNameRange number 2 { name: 'laravel-elixir',
83 silly addNameRange   range: '>=3.0.0-0 <4.0.0-0',
83 silly addNameRange   hasData: true }
84 silly addNameRange versions [ 'laravel-elixir',
84 silly addNameRange   [ '0.1.0',
84 silly addNameRange     '0.1.1',
84 silly addNameRange     '0.1.2',
84 silly addNameRange     '0.1.3',
84 silly addNameRange     '0.1.4',
84 silly addNameRange     '0.1.5',
84 silly addNameRange     '0.1.6',
84 silly addNameRange     '0.1.7',
84 silly addNameRange     '0.1.8',
84 silly addNameRange     '0.1.9',
84 silly addNameRange     '0.2.0',
84 silly addNameRange     '0.2.1',
84 silly addNameRange     '0.2.2',
84 silly addNameRange     '0.3.0',
84 silly addNameRange     '0.3.1',
84 silly addNameRange     '0.3.2',
84 silly addNameRange     '0.3.3',
84 silly addNameRange     '0.3.4',
84 silly addNameRange     '0.3.5',
84 silly addNameRange     '0.3.7',
84 silly addNameRange     '0.3.8',
84 silly addNameRange     '0.3.9',
84 silly addNameRange     '0.3.10',
84 silly addNameRange     '0.3.11',
84 silly addNameRange     '0.4.0',
84 silly addNameRange     '0.4.1',
84 silly addNameRange     '0.4.3',
84 silly addNameRange     '0.4.4',
84 silly addNameRange     '0.4.5',
84 silly addNameRange     '0.4.6',
84 silly addNameRange     '0.4.7',
84 silly addNameRange     '0.4.8',
84 silly addNameRange     '0.4.9',
84 silly addNameRange     '0.4.10',
84 silly addNameRange     '0.4.11',
84 silly addNameRange     '0.4.12',
84 silly addNameRange     '0.4.13',
84 silly addNameRange     '0.4.14',
84 silly addNameRange     '0.4.15',
84 silly addNameRange     '0.4.16',
84 silly addNameRange     '0.4.17',
84 silly addNameRange     '0.5.0',
84 silly addNameRange     '0.5.1',
84 silly addNameRange     '0.5.2',
84 silly addNameRange     '0.5.3',
84 silly addNameRange     '0.5.4',
84 silly addNameRange     '0.5.5',
84 silly addNameRange     '0.5.6',
84 silly addNameRange     '0.5.7',
84 silly addNameRange     '0.5.8',
84 silly addNameRange     '0.6.0',
84 silly addNameRange     '0.6.1',
84 silly addNameRange     '0.6.2',
84 silly addNameRange     '0.6.3',
84 silly addNameRange     '0.6.4',
84 silly addNameRange     '0.6.5',
84 silly addNameRange     '0.6.6',
84 silly addNameRange     '0.7.0',
84 silly addNameRange     '0.6.7',
84 silly addNameRange     '0.6.8',
84 silly addNameRange     '0.7.1',
84 silly addNameRange     '0.7.3',
84 silly addNameRange     '0.7.4',
84 silly addNameRange     '0.7.5',
84 silly addNameRange     '0.7.6',
84 silly addNameRange     '0.7.7',
84 silly addNameRange     '0.7.8',
84 silly addNameRange     '0.7.9',
84 silly addNameRange     '0.7.10',
84 silly addNameRange     '0.7.11',
84 silly addNameRange     '0.8.0',
84 silly addNameRange     '0.8.1',
84 silly addNameRange     '0.9.1',
84 silly addNameRange     '0.10.0',
84 silly addNameRange     '0.10.1',
84 silly addNameRange     '0.10.2',
84 silly addNameRange     '0.10.3',
84 silly addNameRange     '0.10.4',
84 silly addNameRange     '0.10.5',
84 silly addNameRange     '0.10.6',
84 silly addNameRange     '0.10.7',
84 silly addNameRange     '0.11.0',
84 silly addNameRange     '0.12.0',
84 silly addNameRange     '0.12.2',
84 silly addNameRange     '0.12.3',
84 silly addNameRange     '0.13.0',
84 silly addNameRange     '0.13.1',
84 silly addNameRange     '0.13.2',
84 silly addNameRange     '0.13.3',
84 silly addNameRange     '0.14.0',
84 silly addNameRange     '0.14.2',
84 silly addNameRange     '0.14.3',
84 silly addNameRange     '0.14.4',
84 silly addNameRange     '0.15.0',
84 silly addNameRange     '0.15.1',
84 silly addNameRange     '0.15.2',
84 silly addNameRange     '0.15.3',
84 silly addNameRange     '0.15.4',
84 silly addNameRange     '0.15.5',
84 silly addNameRange     '0.16.0',
84 silly addNameRange     '0.16.1',
84 silly addNameRange     '0.16.2',
84 silly addNameRange     '0.16.3',
84 silly addNameRange     '0.18.0',
84 silly addNameRange     '0.18.1',
84 silly addNameRange     '0.18.2',
84 silly addNameRange     '0.18.3',
84 silly addNameRange     '0.18.4',
84 silly addNameRange     '0.18.5',
84 silly addNameRange     '0.18.6',
84 silly addNameRange     '0.18.7',
84 silly addNameRange     '1.0.1',
84 silly addNameRange     '1.0.2',
84 silly addNameRange     '1.0.3',
84 silly addNameRange     '2.0.0',
84 silly addNameRange     '2.0.1',
84 silly addNameRange     '2.1.0',
84 silly addNameRange     '2.1.1',
84 silly addNameRange     '2.1.2',
84 silly addNameRange     '2.2.0',
84 silly addNameRange     '2.2.1',
84 silly addNameRange     '2.2.2',
84 silly addNameRange     '2.2.3',
84 silly addNameRange     '2.2.4',
84 silly addNameRange     '2.3.0',
84 silly addNameRange     '2.3.1',
84 silly addNameRange     '2.3.2',
84 silly addNameRange     '2.3.3',
84 silly addNameRange     '2.3.4',
84 silly addNameRange     '2.3.5',
84 silly addNameRange     '2.3.6',
84 silly addNameRange     '2.3.8',
84 silly addNameRange     '2.3.9',
84 silly addNameRange     '2.3.10',
84 silly addNameRange     '2.3.11',
84 silly addNameRange     '2.3.12',
84 silly addNameRange     '2.3.13',
84 silly addNameRange     '3.0.0-beta1',
84 silly addNameRange     '3.0.0-beta2',
84 silly addNameRange     '3.0.0',
84 silly addNameRange     '3.0.1',
84 silly addNameRange     '3.0.3',
84 silly addNameRange     '3.0.4',
84 silly addNameRange     '3.0.5',
84 silly addNameRange     '3.0.6',
84 silly addNameRange     '3.0.7',
84 silly addNameRange     '3.1.0',
84 silly addNameRange     '3.1.1',
84 silly addNameRange     '3.1.2',
84 silly addNameRange     '3.2.1',
84 silly addNameRange     '3.2.2',
84 silly addNameRange     '3.2.3',
84 silly addNameRange     '3.2.4',
84 silly addNameRange     '3.2.5',
84 silly addNameRange     '3.2.6',
84 silly addNameRange     '3.2.7',
84 silly addNameRange     '3.2.8',
84 silly addNameRange     '3.3.0',
84 silly addNameRange     '3.3.1',
84 silly addNameRange     '3.3.2',
84 silly addNameRange     '3.3.3',
84 silly addNameRange     '3.3.4',
84 silly addNameRange     '3.3.5',
84 silly addNameRange     '3.4.0',
84 silly addNameRange     '3.4.1',
84 silly addNameRange     '3.4.2',
84 silly addNameRange     '4.0.0',
84 silly addNameRange     '3.4.3',
84 silly addNameRange     '4.0.1',
84 silly addNameRange     '4.0.3',
84 silly addNameRange     '4.0.4',
84 silly addNameRange     '4.1.0',
84 silly addNameRange     '4.1.1',
84 silly addNameRange     '4.1.2',
84 silly addNameRange     '4.2.0',
84 silly addNameRange     '4.2.1',
84 silly addNameRange     '5.0.0',
84 silly addNameRange     '6.0.0-0',
84 silly addNameRange     '6.0.0-1' ] ]
85 verbose addNamed [ 'laravel-elixir', '3.4.3' ]
86 verbose addNamed [ '3.4.3', '3.4.3' ]
87 silly lockFile 8a6d5fe1-laravel-elixir-3-4-3 laravel-elixir@3.4.3
88 verbose lock laravel-elixir@3.4.3 /home/emeka/.npm/8a6d5fe1-laravel-elixir-3-4-3.lock
89 error Error: EACCES, mkdir '/home/emeka/tmp/npm-6882-P5bxCl-J'
89 error     at Error (native)
89 error  { [Error: EACCES, mkdir '/home/emeka/tmp/npm-6882-P5bxCl-J']
89 error   stack: 'Error: EACCES, mkdir \'/home/emeka/tmp/npm-6882-P5bxCl-J\'\n    at Error (native)',
89 error   errno: -13,
89 error   code: 'EACCES',
89 error   path: '/home/emeka/tmp/npm-6882-P5bxCl-J' }
90 error Please try running this command again as root/Administrator.
91 error System Linux 3.19.0-58-generic
92 error command "/home/emeka/.nvm/v0.11.13/bin/node" "/home/emeka/.nvm/v0.11.13/bin/npm" "install"
93 error cwd /home/emeka/Documents/.Project/php/Gym/gym
94 error node -v v0.11.13
95 error npm -v 1.4.9
96 error path /home/emeka/tmp/npm-6882-P5bxCl-J
97 error code EACCES
98 error errno -13
99 error stack Error: EACCES, mkdir '/home/emeka/tmp/npm-6882-P5bxCl-J'
99 error stack     at Error (native)
100 verbose exit [ -13, true ]
